FILE_TYPE=LIBRARY_PARTS;
PRIMITIVE 'APT100S20BG','APT100S20BG_Transistor Outline, Vertical';
  PIN
    'K':
      PIN_NUMBER='(1)';
      NO_LOAD_CHECK=BOTH;
      NO_IO_CHECK=BOTH;
      ALLOW_CONNECT=TRUE;
      PINUSE='UNSPEC';
    'A':
      PIN_NUMBER='(2)';
      NO_LOAD_CHECK=BOTH;
      NO_IO_CHECK=BOTH;
      ALLOW_CONNECT=TRUE;
      PINUSE='UNSPEC';
  END_PIN;
  BODY
    PART_NAME='APT100S20BG';
    PHYS_DES_PREFIX='D';
    NO_LOAD_CHECK='TRUE';
    PIN_COUNT='2';
    BODY_NAME='APT100S20BG';
    JEDEC_TYPE='TO1087P531X1588X2596-2P';
  END_BODY;
END_PRIMITIVE;
END.
